# JRE version: OpenJDK Runtime Environment Temurin-17.0.9+9 (17.0.9+9) (build 17.0.9+9)
# Java VM: OpenJDK 64-Bit Server VM Temurin-17.0.9+9 (17.0.9+9, mixed mode, tiered, compressed oops, compressed class ptrs, parallel gc, windows-amd64)
GC Precious Log:
 CPUs: 12 total, 12 available
 Memory: 7514M
 Large Page Support: Disabled
 NUMA Support: Disabled
 Compressed Oops: Enabled (32-bit)
 Alignments: Space 512K, Generation 512K, Heap 2M
 Heap Min Capacity: 100M
 Heap Initial Capacity: 100M
 Heap Max Capacity: 1G
 Pre-touch: Disabled
 Parallel Workers: 10
Heap:
 PSYoungGen      total 3072K, used 960K [0x00000000eab00000, 0x00000000eaf80000, 0x0000000100000000)
  eden space 2560K, 18% used [0x00000000eab00000,0x00000000eab781e8,0x00000000ead80000)
  from space 512K, 93% used [0x00000000eae80000,0x00000000eaef8020,0x00000000eaf00000)
  to   space 1024K, 0% used [0x00000000ead80000,0x00000000ead80000,0x00000000eae80000)
 ParOldGen       total 157696K, used 139296K [0x00000000c0000000, 0x00000000c9a00000, 0x00000000eab00000)
  object space 157696K, 88% used [0x00000000c0000000,0x00000000c8808330,0x00000000c9a00000)
 Metaspace       used 101059K, committed 102272K, reserved 1179648K
  class space    used 9952K, committed 10432K, reserved 1048576K
GC Heap History (20 events):
Event: 4193.238 GC heap before
{Heap before GC invocations=18126 (full 361):
 PSYoungGen      total 3072K, used 2880K [0x00000000eab00000, 0x00000000eaf80000, 0x0000000100000000)
  eden space 2560K, 100% used [0x00000000eab00000,0x00000000ead80000,0x00000000ead80000)
  from space 512K, 62% used [0x00000000eaf00000,0x00000000eaf50000,0x00000000eaf80000)
  to   space 1024K, 0% used [0x00000000ead80000,0x00000000ead80000,0x00000000eae80000)
 ParOldGen       total 157696K, used 135029K [0x00000000c0000000, 0x00000000c9a00000, 0x00000000eab00000)
  object space 157696K, 85% used [0x00000000c0000000,0x00000000c83dd4f8,0x00000000c9a00000)
 Metaspace       used 101059K, committed 102272K, reserved 1179648K
  class space    used 9952K, committed 10432K, reserved 1048576K
}
Event: 4193.239 GC heap after
{Heap after GC invocations=18126 (full 361):
 PSYoungGen      total 3584K, used 992K [0x00000000eab00000, 0x00000000eb080000, 0x0000000100000000)
  eden space 2560K, 0% used [0x00000000eab00000,0x00000000eab00000,0x00000000ead80000)
  from space 1024K, 96% used [0x00000000ead80000,0x00000000eae78020,0x00000000eae80000)
  to   space 1536K, 0% used [0x00000000eaf00000,0x00000000eaf00000,0x00000000eb080000)
 ParOldGen       total 157696K, used 135138K [0x00000000c0000000, 0x00000000c9a00000, 0x00000000eab00000)
  object space 157696K, 85% used [0x00000000c0000000,0x00000000c83f8bf0,0x00000000c9a00000)
 Metaspace       used 101059K, committed 102272K, reserved 1179648K
  class space    used 9952K, committed 10432K, reserved 1048576K
}
Event: 4193.642 GC heap before
{Heap before GC invocations=18127 (full 361):
 PSYoungGen      total 3584K, used 3551K [0x00000000eab00000, 0x00000000eb080000, 0x0000000100000000)
  eden space 2560K, 99% used [0x00000000eab00000,0x00000000ead7fd80,0x00000000ead80000)
  from space 1024K, 96% used [0x00000000ead80000,0x00000000eae78020,0x00000000eae80000)
  to   space 1536K, 0% used [0x00000000eaf00000,0x00000000eaf00000,0x00000000eb080000)
 ParOldGen       total 157696K, used 135138K [0x00000000c0000000, 0x00000000c9a00000, 0x00000000eab00000)
  object space 157696K, 85% used [0x00000000c0000000,0x00000000c83f8bf0,0x00000000c9a00000)
 Metaspace       used 101059K, committed 102272K, reserved 1179648K
  class space    used 9952K, committed 10432K, reserved 1048576K
}
Event: 4193.643 GC heap after
{Heap after GC invocations=18127 (full 361):
 PSYoungGen      total 3072K, used 512K [0x00000000eab00000, 0x00000000eaf80000, 0x0000000100000000)
  eden space 2560K, 0% used [0x00000000eab00000,0x00000000eab00000,0x00000000ead80000)
  from space 512K, 100% used [0x00000000eaf00000,0x00000000eaf80000,0x00000000eaf80000)
  to   space 1024K, 0% used [0x00000000ead80000,0x00000000ead80000,0x00000000eae80000)
 ParOldGen       total 157696K, used 136117K [0x00000000c0000000, 0x00000000c9a00000, 0x00000000eab00000)
  object space 157696K, 86% used [0x00000000c0000000,0x00000000c84ed530,0x00000000c9a00000)
 Metaspace       used 101059K, committed 102272K, reserved 1179648K
  class space    used 9952K, committed 10432K, reserved 1048576K
}
Event: 4193.702 GC heap before
{Heap before GC invocations=18128 (full 361):
 PSYoungGen      total 3072K, used 3072K [0x00000000eab00000, 0x00000000eaf80000, 0x0000000100000000)
  eden space 2560K, 100% used [0x00000000eab00000,0x00000000ead80000,0x00000000ead80000)
  from space 512K, 100% used [0x00000000eaf00000,0x00000000eaf80000,0x00000000eaf80000)
  to   space 1024K, 0% used [0x00000000ead80000,0x00000000ead80000,0x00000000eae80000)
 ParOldGen       total 157696K, used 136117K [0x00000000c0000000, 0x00000000c9a00000, 0x00000000eab00000)
  object space 157696K, 86% used [0x00000000c0000000,0x00000000c84ed530,0x00000000c9a00000)
 Metaspace       used 101059K, committed 102272K, reserved 1179648K
  class space    used 9952K, committed 10432K, reserved 1048576K
}
Event: 4193.703 GC heap after
{Heap after GC invocations=18128 (full 361):
 PSYoungGen      total 3584K, used 992K [0x00000000eab00000, 0x00000000eb080000, 0x0000000100000000)
  eden space 2560K, 0% used [0x00000000eab00000,0x00000000eab00000,0x00000000ead80000)
  from space 1024K, 96% used [0x00000000ead80000,0x00000000eae78020,0x00000000eae80000)
  to   space 1536K, 0% used [0x00000000eaf00000,0x00000000eaf00000,0x00000000eb080000)
 ParOldGen       total 157696K, used 136487K [0x00000000c0000000, 0x00000000c9a00000, 0x00000000eab00000)
  object space 157696K, 86% used [0x00000000c0000000,0x00000000c8549d00,0x00000000c9a00000)
 Metaspace       used 101059K, committed 102272K, reserved 1179648K
  class space    used 9952K, committed 10432K, reserved 1048576K
}
Event: 4193.716 GC heap before
{Heap before GC invocations=18129 (full 361):
 PSYoungGen      total 3584K, used 3552K [0x00000000eab00000, 0x00000000eb080000, 0x0000000100000000)
  eden space 2560K, 100% used [0x00000000eab00000,0x00000000ead80000,0x00000000ead80000)
  from space 1024K, 96% used [0x00000000ead80000,0x00000000eae78020,0x00000000eae80000)
  to   space 1536K, 0% used [0x00000000eaf00000,0x00000000eaf00000,0x00000000eb080000)
 ParOldGen       total 157696K, used 136487K [0x00000000c0000000, 0x00000000c9a00000, 0x00000000eab00000)
  object space 157696K, 86% used [0x00000000c0000000,0x00000000c8549d00,0x00000000c9a00000)
 Metaspace       used 101059K, committed 102272K, reserved 1179648K
  class space    used 9952K, committed 10432K, reserved 1048576K
}
Event: 4193.740 GC heap after
{Heap after GC invocations=18129 (full 361):
 PSYoungGen      total 4096K, used 1136K [0x00000000eab00000, 0x00000000eb100000, 0x0000000100000000)
  eden space 2560K, 0% used [0x00000000eab00000,0x00000000eab00000,0x00000000ead80000)
  from space 1536K, 73% used [0x00000000eaf00000,0x00000000eb01c010,0x00000000eb080000)
  to   space 1536K, 0% used [0x00000000ead80000,0x00000000ead80000,0x00000000eaf00000)
 ParOldGen       total 157696K, used 137393K [0x00000000c0000000, 0x00000000c9a00000, 0x00000000eab00000)
  object space 157696K, 87% used [0x00000000c0000000,0x00000000c862c470,0x00000000c9a00000)
 Metaspace       used 101059K, committed 102272K, reserved 1179648K
  class space    used 9952K, committed 10432K, reserved 1048576K
}
Event: 4193.770 GC heap before
{Heap before GC invocations=18130 (full 361):
 PSYoungGen      total 4096K, used 3696K [0x00000000eab00000, 0x00000000eb100000, 0x0000000100000000)
  eden space 2560K, 100% used [0x00000000eab00000,0x00000000ead80000,0x00000000ead80000)
  from space 1536K, 73% used [0x00000000eaf00000,0x00000000eb01c010,0x00000000eb080000)
  to   space 1536K, 0% used [0x00000000ead80000,0x00000000ead80000,0x00000000eaf00000)
 ParOldGen       total 157696K, used 137393K [0x00000000c0000000, 0x00000000c9a00000, 0x00000000eab00000)
  object space 157696K, 87% used [0x00000000c0000000,0x00000000c862c470,0x00000000c9a00000)
 Metaspace       used 101059K, committed 102272K, reserved 1179648K
  class space    used 9952K, committed 10432K, reserved 1048576K
}
Event: 4193.772 GC heap after
{Heap after GC invocations=18130 (full 361):
 PSYoungGen      total 4096K, used 208K [0x00000000eab00000, 0x00000000eb000000, 0x0000000100000000)
  eden space 2560K, 0% used [0x00000000eab00000,0x00000000eab00000,0x00000000ead80000)
  from space 1536K, 13% used [0x00000000ead80000,0x00000000eadb4010,0x00000000eaf00000)
  to   space 1024K, 0% used [0x00000000eaf00000,0x00000000eaf00000,0x00000000eb000000)
 ParOldGen       total 157696K, used 137862K [0x00000000c0000000, 0x00000000c9a00000, 0x00000000eab00000)
  object space 157696K, 87% used [0x00000000c0000000,0x00000000c86a1a00,0x00000000c9a00000)
 Metaspace       used 101059K, committed 102272K, reserved 1179648K
  class space    used 9952K, committed 10432K, reserved 1048576K
}
Event: 4193.786 GC heap before
{Heap before GC invocations=18131 (full 361):
 PSYoungGen      total 4096K, used 2768K [0x00000000eab00000, 0x00000000eb000000, 0x0000000100000000)
  eden space 2560K, 100% used [0x00000000eab00000,0x00000000ead80000,0x00000000ead80000)
  from space 1536K, 13% used [0x00000000ead80000,0x00000000eadb4010,0x00000000eaf00000)
  to   space 1024K, 0% used [0x00000000eaf00000,0x00000000eaf00000,0x00000000eb000000)
 ParOldGen       total 157696K, used 137862K [0x00000000c0000000, 0x00000000c9a00000, 0x00000000eab00000)
  object space 157696K, 87% used [0x00000000c0000000,0x00000000c86a1a00,0x00000000c9a00000)
 Metaspace       used 101059K, committed 102272K, reserved 1179648K
  class space    used 9952K, committed 10432K, reserved 1048576K
}
Event: 4193.788 GC heap after
{Heap after GC invocations=18131 (full 361):
 PSYoungGen      total 3584K, used 1024K [0x00000000eab00000, 0x00000000eb080000, 0x0000000100000000)
  eden space 2560K, 0% used [0x00000000eab00000,0x00000000eab00000,0x00000000ead80000)
  from space 1024K, 100% used [0x00000000eaf00000,0x00000000eb000000,0x00000000eb000000)
  to   space 1536K, 0% used [0x00000000ead80000,0x00000000ead80000,0x00000000eaf00000)
 ParOldGen       total 157696K, used 138048K [0x00000000c0000000, 0x00000000c9a00000, 0x00000000eab00000)
  object space 157696K, 87% used [0x00000000c0000000,0x00000000c86d0320,0x00000000c9a00000)
 Metaspace       used 101059K, committed 102272K, reserved 1179648K
  class space    used 9952K, committed 10432K, reserved 1048576K
}
Event: 4193.897 GC heap before
{Heap before GC invocations=18132 (full 361):
 PSYoungGen      total 3584K, used 3584K [0x00000000eab00000, 0x00000000eb080000, 0x0000000100000000)
  eden space 2560K, 100% used [0x00000000eab00000,0x00000000ead80000,0x00000000ead80000)
  from space 1024K, 100% used [0x00000000eaf00000,0x00000000eb000000,0x00000000eb000000)
  to   space 1536K, 0% used [0x00000000ead80000,0x00000000ead80000,0x00000000eaf00000)
 ParOldGen       total 157696K, used 138048K [0x00000000c0000000, 0x00000000c9a00000, 0x00000000eab00000)
  object space 157696K, 87% used [0x00000000c0000000,0x00000000c86d0320,0x00000000c9a00000)
 Metaspace       used 101059K, committed 102272K, reserved 1179648K
  class space    used 9952K, committed 10432K, reserved 1048576K
}
Event: 4193.899 GC heap after
{Heap after GC invocations=18132 (full 361):
 PSYoungGen      total 3584K, used 736K [0x00000000eab00000, 0x00000000eaf80000, 0x0000000100000000)
  eden space 2560K, 0% used [0x00000000eab00000,0x00000000eab00000,0x00000000ead80000)
  from space 1024K, 71% used [0x00000000ead80000,0x00000000eae38000,0x00000000eae80000)
  to   space 1024K, 0% used [0x00000000eae80000,0x00000000eae80000,0x00000000eaf80000)
 ParOldGen       total 157696K, used 139032K [0x00000000c0000000, 0x00000000c9a00000, 0x00000000eab00000)
  object space 157696K, 88% used [0x00000000c0000000,0x00000000c87c6320,0x00000000c9a00000)
 Metaspace       used 101059K, committed 102272K, reserved 1179648K
  class space    used 9952K, committed 10432K, reserved 1048576K
}
Event: 4193.908 GC heap before
{Heap before GC invocations=18133 (full 361):
 PSYoungGen      total 3584K, used 3296K [0x00000000eab00000, 0x00000000eaf80000, 0x0000000100000000)
  eden space 2560K, 100% used [0x00000000eab00000,0x00000000ead80000,0x00000000ead80000)
  from space 1024K, 71% used [0x00000000ead80000,0x00000000eae38000,0x00000000eae80000)
  to   space 1024K, 0% used [0x00000000eae80000,0x00000000eae80000,0x00000000eaf80000)
 ParOldGen       total 157696K, used 139032K [0x00000000c0000000, 0x00000000c9a00000, 0x00000000eab00000)
  object space 157696K, 88% used [0x00000000c0000000,0x00000000c87c6320,0x00000000c9a00000)
 Metaspace       used 101059K, committed 102272K, reserved 1179648K
  class space    used 9952K, committed 10432K, reserved 1048576K
}
Event: 4193.910 GC heap after
{Heap after GC invocations=18133 (full 361):
 PSYoungGen      total 3584K, used 448K [0x00000000eab00000, 0x00000000eaf80000, 0x0000000100000000)
  eden space 2560K, 0% used [0x00000000eab00000,0x00000000eab00000,0x00000000ead80000)
  from space 1024K, 43% used [0x00000000eae80000,0x00000000eaef0000,0x00000000eaf80000)
  to   space 1024K, 0% used [0x00000000ead80000,0x00000000ead80000,0x00000000eae80000)
 ParOldGen       total 157696K, used 139184K [0x00000000c0000000, 0x00000000c9a00000, 0x00000000eab00000)
  object space 157696K, 88% used [0x00000000c0000000,0x00000000c87ec330,0x00000000c9a00000)
 Metaspace       used 101059K, committed 102272K, reserved 1179648K
  class space    used 9952K, committed 10432K, reserved 1048576K
}
Event: 4194.189 GC heap before
{Heap before GC invocations=18134 (full 361):
 PSYoungGen      total 3584K, used 3008K [0x00000000eab00000, 0x00000000eaf80000, 0x0000000100000000)
  eden space 2560K, 100% used [0x00000000eab00000,0x00000000ead80000,0x00000000ead80000)
  from space 1024K, 43% used [0x00000000eae80000,0x00000000eaef0000,0x00000000eaf80000)
  to   space 1024K, 0% used [0x00000000ead80000,0x00000000ead80000,0x00000000eae80000)
 ParOldGen       total 157696K, used 139184K [0x00000000c0000000, 0x00000000c9a00000, 0x00000000eab00000)
  object space 157696K, 88% used [0x00000000c0000000,0x00000000c87ec330,0x00000000c9a00000)
 Metaspace       used 101059K, committed 102272K, reserved 1179648K
  class space    used 9952K, committed 10432K, reserved 1048576K
}
Event: 4194.190 GC heap after
{Heap after GC invocations=18134 (full 361):
 PSYoungGen      total 3584K, used 320K [0x00000000eab00000, 0x00000000eaf00000, 0x0000000100000000)
  eden space 2560K, 0% used [0x00000000eab00000,0x00000000eab00000,0x00000000ead80000)
  from space 1024K, 31% used [0x00000000ead80000,0x00000000eadd0020,0x00000000eae80000)
  to   space 512K, 0% used [0x00000000eae80000,0x00000000eae80000,0x00000000eaf00000)
 ParOldGen       total 157696K, used 139208K [0x00000000c0000000, 0x00000000c9a00000, 0x00000000eab00000)
  object space 157696K, 88% used [0x00000000c0000000,0x00000000c87f2330,0x00000000c9a00000)
 Metaspace       used 101059K, committed 102272K, reserved 1179648K
  class space    used 9952K, committed 10432K, reserved 1048576K
}
Event: 4194.199 GC heap before
{Heap before GC invocations=18135 (full 361):
 PSYoungGen      total 3584K, used 2880K [0x00000000eab00000, 0x00000000eaf00000, 0x0000000100000000)
  eden space 2560K, 100% used [0x00000000eab00000,0x00000000ead80000,0x00000000ead80000)
  from space 1024K, 31% used [0x00000000ead80000,0x00000000eadd0020,0x00000000eae80000)
  to   space 512K, 0% used [0x00000000eae80000,0x00000000eae80000,0x00000000eaf00000)
 ParOldGen       total 157696K, used 139208K [0x00000000c0000000, 0x00000000c9a00000, 0x00000000eab00000)
  object space 157696K, 88% used [0x00000000c0000000,0x00000000c87f2330,0x00000000c9a00000)
 Metaspace       used 101059K, committed 102272K, reserved 1179648K
  class space    used 9952K, committed 10432K, reserved 1048576K
}
Event: 4194.200 GC heap after
{Heap after GC invocations=18135 (full 361):
 PSYoungGen      total 3072K, used 480K [0x00000000eab00000, 0x00000000eaf80000, 0x0000000100000000)
  eden space 2560K, 0% used [0x00000000eab00000,0x00000000eab00000,0x00000000ead80000)
  from space 512K, 93% used [0x00000000eae80000,0x00000000eaef8020,0x00000000eaf00000)
  to   space 1024K, 0% used [0x00000000ead80000,0x00000000ead80000,0x00000000eae80000)
 ParOldGen       total 157696K, used 139296K [0x00000000c0000000, 0x00000000c9a00000, 0x00000000eab00000)
  object space 157696K, 88% used [0x00000000c0000000,0x00000000c8808330,0x00000000c9a00000)
 Metaspace       used 101059K, committed 102272K, reserved 1179648K
  class space    used 9952K, committed 10432K, reserved 1048576K
}

